<?xml version="1.0" encoding="UTF-8"?>
<!-- Generated by org.testng.reporters.JUnitXMLReporter -->
<testsuite ignored="1" hostname="DESKTOP-CJA0QNI" failures="0" tests="1" name="Default test" time="38.97" errors="0" timestamp="2024-11-28T17:47:49 IST">
  <testcase classname="com.cgi.test.LoginTest" name="validLoginTest" time="5.847"/>
  <testcase classname="com.cgi.test.LoginTest" name="invalidLoginTest" time="0.0">
    <ignored/>
  </testcase> <!-- invalidLoginTest -->
</testsuite> <!-- Default test -->
