<?xml version="1.0" encoding="UTF-8"?>
<testng-results ignored="0" total="2" passed="2" failed="0" skipped="0">
  <reporter-output>
  </reporter-output>
  <suite started-at="2024-11-27T17:49:48 IST" name="Default suite" finished-at="2024-11-27T17:50:03 IST" duration-ms="15012">
    <groups>
    </groups>
    <test started-at="2024-11-27T17:49:48 IST" name="Default test" finished-at="2024-11-27T17:50:03 IST" duration-ms="15012">
      <class name="com.cgi.test.LoginTest">
        <test-method is-config="true" signature="setup()[pri:0, instance:com.cgi.test.LoginTest@12aba8be]" started-at="2024-11-27T17:49:48 IST" name="setup" finished-at="2024-11-27T17:49:53 IST" duration-ms="5088" status="PASS">
          <reporter-output>
          </reporter-output>
        </test-method> <!-- setup -->
        <test-method signature="invalidLoginTest()[pri:0, instance:com.cgi.test.LoginTest@12aba8be]" started-at="2024-11-27T17:49:53 IST" name="invalidLoginTest" finished-at="2024-11-27T17:49:56 IST" duration-ms="2495" status="PASS">
          <reporter-output>
          </reporter-output>
        </test-method> <!-- invalidLoginTest -->
        <test-method is-config="true" signature="teardown()[pri:0, instance:com.cgi.test.LoginTest@12aba8be]" started-at="2024-11-27T17:49:56 IST" name="teardown" finished-at="2024-11-27T17:49:56 IST" duration-ms="269" status="PASS">
          <reporter-output>
          </reporter-output>
        </test-method> <!-- teardown -->
        <test-method is-config="true" signature="setup()[pri:0, instance:com.cgi.test.LoginTest@12aba8be]" started-at="2024-11-27T17:49:56 IST" name="setup" finished-at="2024-11-27T17:50:01 IST" duration-ms="4648" status="PASS">
          <reporter-output>
          </reporter-output>
        </test-method> <!-- setup -->
        <test-method signature="validLoginTest()[pri:0, instance:com.cgi.test.LoginTest@12aba8be]" started-at="2024-11-27T17:50:01 IST" name="validLoginTest" finished-at="2024-11-27T17:50:03 IST" duration-ms="2258" status="PASS">
          <reporter-output>
          </reporter-output>
        </test-method> <!-- validLoginTest -->
        <test-method is-config="true" signature="teardown()[pri:0, instance:com.cgi.test.LoginTest@12aba8be]" started-at="2024-11-27T17:50:03 IST" name="teardown" finished-at="2024-11-27T17:50:03 IST" duration-ms="195" status="PASS">
          <reporter-output>
          </reporter-output>
        </test-method> <!-- teardown -->
      </class> <!-- com.cgi.test.LoginTest -->
    </test> <!-- Default test -->
  </suite> <!-- Default suite -->
</testng-results>
