<?xml version="1.0" encoding="UTF-8"?>
<testng-results ignored="0" total="1" passed="1" failed="0" skipped="0">
  <reporter-output>
  </reporter-output>
  <suite started-at="2024-11-28T17:47:10 IST" name="Default suite" finished-at="2024-11-28T17:47:49 IST" duration-ms="38970">
    <groups>
    </groups>
    <test started-at="2024-11-28T17:47:10 IST" name="Default test" finished-at="2024-11-28T17:47:49 IST" duration-ms="38970">
      <class name="com.cgi.test.LoginTest">
        <test-method is-config="true" signature="setup()[pri:0, instance:com.cgi.test.LoginTest@4efac082]" started-at="2024-11-28T17:47:36 IST" name="setup" finished-at="2024-11-28T17:47:41 IST" duration-ms="5638" status="PASS">
          <reporter-output>
          </reporter-output>
        </test-method> <!-- setup -->
        <test-method signature="validLoginTest(java.lang.String,java.lang.String,java.lang.String)[pri:0, instance:com.cgi.test.LoginTest@4efac082]" started-at="2024-11-28T17:47:41 IST" name="validLoginTest" data-provider="commonDataProvider" finished-at="2024-11-28T17:47:47 IST" duration-ms="5847" status="PASS">
          <params>
            <param index="0">
              <value>
                <![CDATA[Admin]]>
              </value>
            </param>
            <param index="1">
              <value>
                <![CDATA[admin123]]>
              </value>
            </param>
            <param index="2">
              <value>
                <![CDATA[Quick Launch]]>
              </value>
            </param>
          </params>
          <reporter-output>
          </reporter-output>
        </test-method> <!-- validLoginTest -->
        <test-method is-config="true" signature="teardown()[pri:0, instance:com.cgi.test.LoginTest@4efac082]" started-at="2024-11-28T17:47:47 IST" name="teardown" finished-at="2024-11-28T17:47:49 IST" duration-ms="1209" status="PASS">
          <reporter-output>
          </reporter-output>
        </test-method> <!-- teardown -->
      </class> <!-- com.cgi.test.LoginTest -->
    </test> <!-- Default test -->
  </suite> <!-- Default suite -->
</testng-results>
