<?xml version="1.0" encoding="UTF-8"?>
<!-- Generated by org.testng.reporters.JUnitXMLReporter -->
<testsuite ignored="2" hostname="DESKTOP-CJA0QNI" failures="0" tests="2" name="Login UI Test Chrome" time="11.169" errors="0" timestamp="2024-11-29T14:28:09 IST">
  <testcase classname="com.cgi.test.LoginUITest" name="titleTest" time="0.019"/>
  <testcase classname="com.cgi.test.LoginTest" name="validLoginTest" time="1.815"/>
  <testcase classname="com.cgi.test.LoginUITest" name="headerTest" time="0.0">
    <ignored/>
  </testcase> <!-- headerTest -->
  <testcase classname="com.cgi.test.LoginTest" name="invalidLoginTest" time="0.0">
    <ignored/>
  </testcase> <!-- invalidLoginTest -->
</testsuite> <!-- Login UI Test Chrome -->
